autoscan: warning: missing AC_CHECK_FUNCS([pow]) wanted by: 
	Test/Bennet5.cpp:249
	Test/Bennet5.cpp:277
	Test/Bennet5.cpp:279
autoscan: warning: missing AC_CHECK_FUNCS([sqrt]) wanted by: 
	lib/QuadBox.cpp:292
	lib/QuadBox.cpp:306
	lib/Bfgs.cpp:210
	lib/Bfgs.cpp:300
	lib/Bfgs.cpp:301
	Test/QuasiNewton01Box.cpp:192
	Test/PlusInfinity.cpp:42
	Test/PlusInfinity.cpp:43
autoscan: warning: missing AC_CHECK_HEADERS([float.h]) wanted by: 
	lib/QuadBox.cpp:240
	lib/Next.cpp:281
autoscan: warning: missing AC_CHECK_HEADERS([stddef.h]) wanted by: 
	QN01Box/Delta.h:26
autoscan: warning: missing AC_CHECK_HEADERS([stdlib.h]) wanted by: 
	lib/Delta.cpp:321
autoscan: warning: missing AC_C_CONST wanted by: 
	lib/Residual.cpp:162
	lib/Residual.cpp:163
	lib/Residual.cpp:164
	lib/Residual.cpp:165
	lib/Residual.cpp:166
	lib/Residual.cpp:167
	lib/Residual.cpp:168
	lib/QuadBox.cpp:242
	lib/QuadBox.cpp:359
	lib/QuadBox.cpp:366
	lib/QuadBox.cpp:367
	lib/QuadBox.cpp:368
	lib/QuadBox.cpp:369
	lib/QuadBox.cpp:387
	lib/QuadBox.cpp:425
	lib/QuadBox.cpp:467
	lib/QuadBox.cpp:485
	lib/QuadBox.cpp:520
	lib/ScaleProjGrad.cpp:136
	lib/ScaleProjGrad.cpp:137
	lib/ScaleProjGrad.cpp:138
	lib/ScaleProjGrad.cpp:139
	lib/ScaleProjGrad.cpp:150
	lib/ScaleProjGrad.cpp:151
	lib/Bfgs.cpp:269
	lib/Bfgs.cpp:326
	lib/Bfgs.cpp:329
	lib/Bfgs.cpp:332
	lib/Bfgs.cpp:346
	lib/is_symmetric.cpp:96
	lib/MaxAbs.cpp:84
	lib/Delta.cpp:257
	lib/Delta.cpp:262
	lib/Delta.cpp:263
	lib/Delta.cpp:264
	lib/Delta.cpp:265
	lib/Delta.cpp:266
	lib/Delta.cpp:267
	lib/Delta.cpp:328
	lib/Delta.cpp:331
	lib/Delta.cpp:332
	lib/Delta.cpp:333
	lib/Delta.cpp:334
	lib/Delta.cpp:335
	lib/Delta.cpp:336
	lib/Delta.cpp:337
	lib/Delta.cpp:399
	lib/Delta.cpp:449
	lib/SumAbs.cpp:90
	lib/Next.cpp:294
	lib/Next.cpp:296
	lib/Next.cpp:297
	lib/Next.cpp:298
	lib/Next.cpp:299
	lib/Next.cpp:300
	lib/Next.cpp:386
	lib/Next.cpp:387
	lib/Next.cpp:388
	lib/Next.cpp:389
	lib/Next.cpp:390
	lib/Next.cpp:404
	lib/Next.cpp:407
	lib/Next.cpp:408
	lib/Next.cpp:409
	lib/Next.cpp:410
	lib/Next.cpp:411
	lib/Next.cpp:412
	lib/Next.cpp:413
	lib/Next.cpp:420
	lib/Next.cpp:521
	lib/Next.cpp:530
	lib/Next.cpp:554
	QN01Box/Delta.h:29
	QN01Box/Delta.h:32
	QN01Box/Delta.h:33
	QN01Box/Delta.h:34
	QN01Box/Delta.h:35
	QN01Box/Delta.h:36
	QN01Box/Delta.h:37
	QN01Box/Delta.h:38
	QN01Box/is_symmetric.h:29
	QN01Box/QuadBox.h:30
	QN01Box/QuadBox.h:37
	QN01Box/QuadBox.h:38
	QN01Box/QuadBox.h:39
	QN01Box/QuadBox.h:40
	QN01Box/Residual.h:31
	QN01Box/Residual.h:32
	QN01Box/Residual.h:33
	QN01Box/Residual.h:34
	QN01Box/Residual.h:35
	QN01Box/Residual.h:36
	QN01Box/Residual.h:37
	QN01Box/MaxAbs.h:29
	QN01Box/Bfgs.h:30
	QN01Box/Memory.h:115
	QN01Box/Next.h:29
	QN01Box/Next.h:32
	QN01Box/Next.h:33
	QN01Box/Next.h:34
	QN01Box/Next.h:35
	QN01Box/Next.h:36
	QN01Box/Next.h:37
	QN01Box/Next.h:38
	QN01Box/zero_one_scale.h:237
	QN01Box/zero_one_scale.h:239
	QN01Box/zero_one_scale.h:240
	QN01Box/zero_one_scale.h:254
	QN01Box/zero_one_scale.h:255
	QN01Box/zero_one_scale.h:280
	QN01Box/zero_one_scale.h:297
	QN01Box/zero_one_scale.h:315
	QN01Box/zero_one_scale.h:315
	QN01Box/zero_one_scale.h:316
	QN01Box/zero_one_scale.h:321
	QN01Box/zero_one_scale.h:322
	QN01Box/zero_one_scale.h:335
	QN01Box/zero_one_scale.h:336
	QN01Box/SumAbs.h:29
	QN01Box/QuasiNewton01Box.h:690
	QN01Box/QuasiNewton01Box.h:697
	QN01Box/QuasiNewton01Box.h:698
	QN01Box/QuasiNewton01Box.h:699
	QN01Box/QuasiNewton01Box.h:749
	QN01Box/QuasiNewton01Box.h:788
	QN01Box/QuasiNewton01Box.h:795
	QN01Box/QuasiNewton01Box.h:796
	QN01Box/QuasiNewton01Box.h:797
	QN01Box/QuasiNewton01Box.h:808
	QN01Box/QuasiNewton01Box.h:808
	QN01Box/QuasiNewton01Box.h:809
	QN01Box/QuasiNewton01Box.h:810
	QN01Box/QuasiNewton01Box.h:818
	QN01Box/QuasiNewton01Box.h:820
	QN01Box/QuasiNewton01Box.h:826
	QN01Box/QuasiNewton01Box.h:828
	QN01Box/QuasiNewton01Box.h:841
	QN01Box/QuasiNewton01Box.h:869
	QN01Box/QuasiNewton01Box.h:872
	QN01Box/QuasiNewton01Box.h:875
	QN01Box/QuasiNewton01Box.h:878
	QN01Box/QuasiNewton01Box.h:881
	QN01Box/QuasiNewton01Box.h:884
	QN01Box/QuasiNewton01Box.h:888
	QN01Box/QuasiNewton01Box.h:891
	QN01Box/QuasiNewton01Box.h:894
	QN01Box/QuasiNewton01Box.h:905
	QN01Box/QuasiNewton01Box.h:1164
	QN01Box/QuasiNewton01Box.h:1211
	QN01Box/ScaleProjGrad.h:32
	QN01Box/ScaleProjGrad.h:33
	QN01Box/ScaleProjGrad.h:34
	QN01Box/ScaleProjGrad.h:35
	QN01Box/ScaleProjGrad.h:39
	QN01Box/ScaleProjGrad.h:40
	QN01Box/QuadFixed.h:30
	QN01Box/QuadFixed.h:37
	QN01Box/QuadFixed.h:38
	QN01Box/QuadFixed.h:39
	QN01Box/QuadFixed.h:40
	Test/Degenerate.cpp:80
	Test/Degenerate.cpp:80
	Test/Degenerate.cpp:100
	Test/Degenerate.cpp:103
	Test/Degenerate.cpp:109
	Test/Degenerate.cpp:112
	Test/Degenerate.cpp:113
	Test/Degenerate.cpp:129
	Test/Degenerate.cpp:142
	Test/Degenerate.cpp:143
	Test/Degenerate.cpp:144
	Test/Degenerate.cpp:145
	Test/Degenerate.cpp:146
	Test/Bennet5.cpp:215
	Test/Bennet5.cpp:215
	Test/Bennet5.cpp:236
	Test/Bennet5.cpp:236
	Test/Bennet5.cpp:256
	Test/Bennet5.cpp:259
	Test/Bennet5.cpp:297
	Test/Bennet5.cpp:300
	Test/Bennet5.cpp:301
	Test/Bennet5.cpp:322
	Test/Bennet5.cpp:323
	Test/Bennet5.cpp:324
	Test/Degenerate2.cpp:47
	Test/Degenerate2.cpp:47
	Test/Degenerate2.cpp:69
	Test/Degenerate2.cpp:72
	Test/Degenerate2.cpp:79
	Test/Degenerate2.cpp:83
	Test/Degenerate2.cpp:84
	Test/Degenerate2.cpp:99
	Test/Degenerate2.cpp:110
	Test/Degenerate2.cpp:112
	Test/Degenerate2.cpp:113
	Test/Degenerate2.cpp:114
	Test/Degenerate2.cpp:115
	Test/Degenerate2.cpp:116
	Test/QuasiNewton01Box.cpp:64
	Test/QuasiNewton01Box.cpp:64
	Test/QuasiNewton01Box.cpp:82
	Test/QuasiNewton01Box.cpp:85
	Test/QuasiNewton01Box.cpp:98
	Test/QuasiNewton01Box.cpp:101
	Test/QuasiNewton01Box.cpp:115
	Test/QuasiNewton01Box.cpp:133
	Test/QuasiNewton01Box.cpp:134
	Test/QuasiNewton01Box.cpp:151
	Test/QuasiNewton01Box.cpp:152
	Test/QuasiNewton01Box.cpp:153
	Test/QuasiNewton01Box.cpp:154
	Test/QuasiNewton01Box.cpp:155
	Test/QuasiNewton01Box.cpp:156
	Test/LinearObjective.cpp:47
	Test/LinearObjective.cpp:47
	Test/LinearObjective.cpp:50
	Test/LinearObjective.cpp:53
	Test/LinearObjective.cpp:56
	Test/LinearObjective.cpp:59
	Test/LinearObjective.cpp:60
	Test/LinearObjective.cpp:83
	Test/LinearObjective.cpp:85
	Test/LinearObjective.cpp:86
	Test/LinearObjective.cpp:87
	Test/LinearObjective.cpp:88
	Test/LinearObjective.cpp:89
	Test/zero_one_scale.cpp:40
	Test/zero_one_scale.cpp:56
	Test/zero_one_scale.cpp:56
	Test/zero_one_scale.cpp:67
	Test/zero_one_scale.cpp:75
	Test/PlusInfinity.cpp:51
	Test/PlusInfinity.cpp:51
	Test/PlusInfinity.cpp:60
	Test/PlusInfinity.cpp:63
	Test/PlusInfinity.cpp:67
	Test/PlusInfinity.cpp:70
	Test/PlusInfinity.cpp:71
	Test/PlusInfinity.cpp:101
	Test/PlusInfinity.cpp:103
	Test/PlusInfinity.cpp:104
	Test/PlusInfinity.cpp:105
	Test/PlusInfinity.cpp:106
	Test/PlusInfinity.cpp:107
	Test/ExpLeastSquares.cpp:47
	Test/ExpLeastSquares.cpp:47
	Test/ExpLeastSquares.cpp:59
	Test/ExpLeastSquares.cpp:63
	Test/ExpLeastSquares.cpp:70
	Test/ExpLeastSquares.cpp:73
	Test/ExpLeastSquares.cpp:74
	Test/ExpLeastSquares.cpp:90
	Test/ExpLeastSquares.cpp:91
	Test/ExpLeastSquares.cpp:102
	Test/ExpLeastSquares.cpp:104
	Test/ExpLeastSquares.cpp:105
	Test/ExpLeastSquares.cpp:106
	Test/ExpLeastSquares.cpp:107
	Test/ExpLeastSquares.cpp:108
	Test/TwoCompartment.cpp:123
	Test/TwoCompartment.cpp:183
	Test/TwoCompartment.cpp:183
	Test/TwoCompartment.cpp:210
	Test/TwoCompartment.cpp:214
	Test/TwoCompartment.cpp:220
	Test/TwoCompartment.cpp:223
	Test/TwoCompartment.cpp:224
	Test/TwoCompartment.cpp:248
	Test/TwoCompartment.cpp:249
	Test/TwoCompartment.cpp:250
	Test/TwoCompartment.cpp:252
	Test/TwoCompartment.cpp:253
	Test/TwoCompartment.cpp:254
	Test/TwoCompartment.cpp:255
	Test/TwoCompartment.cpp:256
autoscan: warning: missing AC_HEADER_STDBOOL wanted by: 
	lib/Residual.cpp:111
	lib/Residual.cpp:112
	lib/QuadBox.cpp:242
	lib/QuadBox.cpp:246
	lib/QuadBox.cpp:247
	lib/QuadBox.cpp:455
	lib/QuadBox.cpp:471
	lib/QuadBox.cpp:497
	lib/ScaleProjGrad.cpp:101
	lib/ScaleProjGrad.cpp:102
	lib/Bfgs.cpp:161
	lib/Bfgs.cpp:162
	lib/is_symmetric.cpp:66
	lib/is_symmetric.cpp:67
	lib/is_symmetric.cpp:96
	lib/is_symmetric.cpp:97
	lib/MaxAbs.cpp:61
	lib/MaxAbs.cpp:62
	lib/Delta.cpp:251
	lib/Delta.cpp:252
	lib/Delta.cpp:420
	lib/PositiveMatrix.cpp:95
	lib/PositiveMatrix.cpp:96
	lib/SumAbs.cpp:63
	lib/SumAbs.cpp:64
	lib/Next.cpp:290
	lib/Next.cpp:291
	lib/Next.cpp:384
	lib/Next.cpp:452
	lib/Next.cpp:485
	lib/Next.cpp:500
	QN01Box/is_symmetric.h:29
	QN01Box/QuasiNewton01Box.h:852
	QN01Box/QuasiNewton01Box.h:1126
	QN01Box/QuasiNewton01Box.h:1165
	QN01Box/QuasiNewton01Box.h:1262
	QN01Box/QuasiNewton01Box.h:1337
	QN01Box/QuasiNewton01Box.h:1341
	Test/Degenerate.cpp:137
	Test/Degenerate.cpp:138
	Test/Degenerate.cpp:162
	Test/ResidualIncrease.cpp:14
	Test/ResidualIncrease.cpp:15
	Test/Bennet5.cpp:317
	Test/Bennet5.cpp:318
	Test/Bennet5.cpp:356
	Test/Degenerate2.cpp:106
	Test/Degenerate2.cpp:107
	Test/Degenerate2.cpp:131
	Test/QuasiNewton01Box.cpp:40
	Test/QuasiNewton01Box.cpp:133
	Test/QuasiNewton01Box.cpp:145
	Test/QuasiNewton01Box.cpp:146
	Test/QuasiNewton01Box.cpp:155
	Test/QuasiNewton01Box.cpp:215
	Test/MemoryError.cpp:69
	Test/MemoryError.cpp:70
	Test/Test_04_02_18.cpp:30
	Test/Test_04_02_18.cpp:31
	Test/LinearObjective.cpp:79
	Test/LinearObjective.cpp:80
	Test/LinearObjective.cpp:103
	Test/RunTest.cpp:29
	Test/RunTest.cpp:30
	Test/RunTest.cpp:31
	Test/RunTest.cpp:32
	Test/RunTest.cpp:33
	Test/RunTest.cpp:34
	Test/RunTest.cpp:35
	Test/RunTest.cpp:36
	Test/RunTest.cpp:37
	Test/RunTest.cpp:38
	Test/RunTest.cpp:39
	Test/RunTest.cpp:40
	Test/RunTest.cpp:41
	Test/RunTest.cpp:42
	Test/RunTest.cpp:43
	Test/RunTest.cpp:44
	Test/RunTest.cpp:45
	Test/RunTest.cpp:46
	Test/RunTest.cpp:47
	Test/RunTest.cpp:48
	Test/RunTest.cpp:49
	Test/RunTest.cpp:50
	Test/RunTest.cpp:51
	Test/RunTest.cpp:53
	Test/RunTest.cpp:53
	Test/RunTest.cpp:54
	Test/RunTest.cpp:66
	Test/zero_one_scale.cpp:94
	Test/zero_one_scale.cpp:95
	Test/zero_one_scale.cpp:115
	Test/SingularUpdate.cpp:33
	Test/SingularUpdate.cpp:34
	Test/PlusInfinity.cpp:97
	Test/PlusInfinity.cpp:98
	Test/PlusInfinity.cpp:122
	Test/ExpLeastSquares.cpp:98
	Test/ExpLeastSquares.cpp:99
	Test/ExpLeastSquares.cpp:122
	Test/TwoCompartment.cpp:244
	Test/TwoCompartment.cpp:245
	Test/TwoCompartment.cpp:272
	lib/QuadBox.cpp:333
	lib/Delta.cpp:275
	lib/Next.cpp:369
	lib/Next.cpp:485
	QN01Box/QuasiNewton01Box.h:1126
	QN01Box/QuasiNewton01Box.h:1337
	QN01Box/QuasiNewton01Box.h:1416
	Test/Degenerate.cpp:162
	Test/Degenerate.cpp:220
	Test/ResidualIncrease.cpp:54
	Test/Bennet5.cpp:370
	Test/Bennet5.cpp:423
	Test/Degenerate2.cpp:131
	Test/Degenerate2.cpp:189
	Test/QuasiNewton01Box.cpp:155
	Test/QuasiNewton01Box.cpp:228
	Test/QuasiNewton01Box.cpp:328
	Test/Test_04_02_18.cpp:72
	Test/LinearObjective.cpp:103
	Test/LinearObjective.cpp:163
	Test/zero_one_scale.cpp:115
	Test/zero_one_scale.cpp:181
	Test/SingularUpdate.cpp:67
	Test/PlusInfinity.cpp:122
	Test/PlusInfinity.cpp:182
	Test/ExpLeastSquares.cpp:122
	Test/ExpLeastSquares.cpp:185
	Test/TwoCompartment.cpp:272
	Test/TwoCompartment.cpp:345
	lib/Residual.cpp:112
	lib/QuadBox.cpp:247
	lib/QuadBox.cpp:471
	lib/ScaleProjGrad.cpp:102
	lib/Bfgs.cpp:162
	lib/is_symmetric.cpp:67
	lib/is_symmetric.cpp:97
	lib/MaxAbs.cpp:62
	lib/Delta.cpp:252
	lib/PositiveMatrix.cpp:96
	lib/SumAbs.cpp:64
	lib/Next.cpp:291
	lib/Next.cpp:504
	lib/Next.cpp:510
	QN01Box/QuasiNewton01Box.h:1056
	QN01Box/QuasiNewton01Box.h:1350
	QN01Box/QuasiNewton01Box.h:1361
	QN01Box/QuasiNewton01Box.h:1365
	QN01Box/QuasiNewton01Box.h:1369
	QN01Box/QuasiNewton01Box.h:1401
	Test/Degenerate.cpp:138
	Test/ResidualIncrease.cpp:15
	Test/Bennet5.cpp:318
	Test/Degenerate2.cpp:107
	Test/QuasiNewton01Box.cpp:146
	Test/MemoryError.cpp:70
	Test/Test_04_02_18.cpp:31
	Test/LinearObjective.cpp:80
	Test/RunTest.cpp:66
	Test/zero_one_scale.cpp:95
	Test/SingularUpdate.cpp:34
	Test/PlusInfinity.cpp:98
	Test/ExpLeastSquares.cpp:99
	Test/TwoCompartment.cpp:245
autoscan: warning: missing AC_HEADER_STDC wanted by: 
	lib/QuadBox.cpp:240
	lib/Next.cpp:281
	QN01Box/Delta.h:26
	lib/Delta.cpp:321
autoscan: warning: missing AC_PREREQ wanted by: 
	autoscan
autoscan: warning: missing AC_PROG_MAKE_SET wanted by: 
	Build.sh:73
	Build.sh:74
	Build.sh:76
	Build.sh:77
autoscan: warning: missing AC_TYPE_SIZE_T wanted by: 
	lib/Residual.cpp:126
	lib/Residual.cpp:161
	lib/Residual.cpp:172
	lib/Residual.cpp:173
	lib/QuadBox.cpp:252
	lib/QuadBox.cpp:253
	lib/QuadBox.cpp:254
	lib/QuadBox.cpp:257
	lib/QuadBox.cpp:258
	lib/QuadBox.cpp:260
	lib/QuadBox.cpp:313
	lib/QuadBox.cpp:319
	lib/QuadBox.cpp:322
	lib/QuadBox.cpp:362
	lib/QuadBox.cpp:363
	lib/QuadBox.cpp:364
	lib/QuadBox.cpp:371
	lib/QuadBox.cpp:380
	lib/QuadBox.cpp:390
	lib/ScaleProjGrad.cpp:105
	lib/ScaleProjGrad.cpp:135
	lib/ScaleProjGrad.cpp:149
	lib/Bfgs.cpp:167
	lib/Bfgs.cpp:168
	lib/Bfgs.cpp:169
	lib/Bfgs.cpp:170
	lib/Bfgs.cpp:173
	lib/Bfgs.cpp:271
	lib/Bfgs.cpp:280
	lib/Bfgs.cpp:281
	lib/is_symmetric.cpp:96
	lib/is_symmetric.cpp:100
	lib/MaxAbs.cpp:66
	lib/MaxAbs.cpp:84
	lib/Delta.cpp:255
	lib/Delta.cpp:280
	lib/Delta.cpp:304
	lib/Delta.cpp:329
	lib/Delta.cpp:342
	lib/Delta.cpp:375
	lib/Delta.cpp:390
	lib/Delta.cpp:408
	lib/Delta.cpp:419
	lib/PositiveMatrix.cpp:101
	lib/PositiveMatrix.cpp:102
	lib/PositiveMatrix.cpp:103
	lib/PositiveMatrix.cpp:105
	lib/PositiveMatrix.cpp:148
	lib/PositiveMatrix.cpp:153
	lib/PositiveMatrix.cpp:154
	lib/PositiveMatrix.cpp:155
	lib/SumAbs.cpp:68
	lib/SumAbs.cpp:71
	lib/SumAbs.cpp:90
	lib/Next.cpp:385
	lib/Next.cpp:392
	lib/Next.cpp:405
	lib/Next.cpp:419
	lib/Next.cpp:433
	QN01Box/Delta.h:30
	QN01Box/is_symmetric.h:29
	QN01Box/QuadBox.h:33
	QN01Box/QuadBox.h:34
	QN01Box/QuadBox.h:35
	QN01Box/QuadBox.h:42
	QN01Box/PositiveMatrix.h:31
	QN01Box/Residual.h:30
	QN01Box/MaxAbs.h:29
	QN01Box/Bfgs.h:32
	QN01Box/Memory.h:81
	QN01Box/Memory.h:106
	QN01Box/Memory.h:116
	QN01Box/Memory.h:117
	QN01Box/Next.h:30
	QN01Box/zero_one_scale.h:239
	QN01Box/zero_one_scale.h:240
	QN01Box/zero_one_scale.h:252
	QN01Box/zero_one_scale.h:253
	QN01Box/zero_one_scale.h:257
	QN01Box/zero_one_scale.h:281
	QN01Box/zero_one_scale.h:298
	QN01Box/zero_one_scale.h:323
	QN01Box/zero_one_scale.h:337
	QN01Box/SumAbs.h:29
	QN01Box/QuasiNewton01Box.h:692
	QN01Box/QuasiNewton01Box.h:694
	QN01Box/QuasiNewton01Box.h:695
	QN01Box/QuasiNewton01Box.h:706
	QN01Box/QuasiNewton01Box.h:707
	QN01Box/QuasiNewton01Box.h:747
	QN01Box/QuasiNewton01Box.h:790
	QN01Box/QuasiNewton01Box.h:792
	QN01Box/QuasiNewton01Box.h:793
	QN01Box/QuasiNewton01Box.h:804
	QN01Box/QuasiNewton01Box.h:827
	QN01Box/QuasiNewton01Box.h:845
	QN01Box/QuasiNewton01Box.h:846
	QN01Box/QuasiNewton01Box.h:847
	QN01Box/QuasiNewton01Box.h:853
	QN01Box/QuasiNewton01Box.h:854
	QN01Box/QuasiNewton01Box.h:855
	QN01Box/QuasiNewton01Box.h:884
	QN01Box/QuasiNewton01Box.h:909
	QN01Box/QuasiNewton01Box.h:910
	QN01Box/QuasiNewton01Box.h:913
	QN01Box/QuasiNewton01Box.h:1048
	QN01Box/QuasiNewton01Box.h:1172
	QN01Box/ScaleProjGrad.h:31
	QN01Box/ScaleProjGrad.h:38
	QN01Box/QuadFixed.h:33
	QN01Box/QuadFixed.h:34
	QN01Box/QuadFixed.h:35
	QN01Box/QuadFixed.h:42
	Test/Degenerate.cpp:51
	Test/Degenerate.cpp:81
	Test/Degenerate.cpp:104
	Test/Degenerate.cpp:118
	Test/Degenerate.cpp:122
	Test/Degenerate.cpp:125
	Test/Degenerate.cpp:126
	Test/Degenerate.cpp:129
	Test/Degenerate.cpp:143
	Test/Degenerate.cpp:144
	Test/Degenerate.cpp:145
	Test/Degenerate.cpp:163
	Test/Degenerate.cpp:164
	Test/Degenerate.cpp:165
	Test/Degenerate.cpp:174
	Test/Degenerate.cpp:187
	Test/ResidualIncrease.cpp:18
	Test/ResidualIncrease.cpp:19
	Test/ResidualIncrease.cpp:20
	Test/ResidualIncrease.cpp:21
	Test/ResidualIncrease.cpp:56
	Test/ResidualIncrease.cpp:59
	Test/Bennet5.cpp:203
	Test/Bennet5.cpp:211
	Test/Bennet5.cpp:212
	Test/Bennet5.cpp:217
	Test/Bennet5.cpp:237
	Test/Bennet5.cpp:260
	Test/Bennet5.cpp:306
	Test/Bennet5.cpp:310
	Test/Bennet5.cpp:322
	Test/Bennet5.cpp:323
	Test/Bennet5.cpp:324
	Test/Bennet5.cpp:328
	Test/Bennet5.cpp:329
	Test/Bennet5.cpp:357
	Test/Bennet5.cpp:358
	Test/Bennet5.cpp:359
	Test/Degenerate2.cpp:39
	Test/Degenerate2.cpp:48
	Test/Degenerate2.cpp:73
	Test/Degenerate2.cpp:88
	Test/Degenerate2.cpp:92
	Test/Degenerate2.cpp:95
	Test/Degenerate2.cpp:96
	Test/Degenerate2.cpp:99
	Test/Degenerate2.cpp:113
	Test/Degenerate2.cpp:114
	Test/Degenerate2.cpp:115
	Test/Degenerate2.cpp:132
	Test/Degenerate2.cpp:133
	Test/Degenerate2.cpp:134
	Test/Degenerate2.cpp:143
	Test/Degenerate2.cpp:156
	Test/QuasiNewton01Box.cpp:40
	Test/QuasiNewton01Box.cpp:42
	Test/QuasiNewton01Box.cpp:43
	Test/QuasiNewton01Box.cpp:65
	Test/QuasiNewton01Box.cpp:66
	Test/QuasiNewton01Box.cpp:86
	Test/QuasiNewton01Box.cpp:87
	Test/QuasiNewton01Box.cpp:102
	Test/QuasiNewton01Box.cpp:103
	Test/QuasiNewton01Box.cpp:118
	Test/QuasiNewton01Box.cpp:122
	Test/QuasiNewton01Box.cpp:125
	Test/QuasiNewton01Box.cpp:128
	Test/QuasiNewton01Box.cpp:129
	Test/QuasiNewton01Box.cpp:130
	Test/QuasiNewton01Box.cpp:134
	Test/QuasiNewton01Box.cpp:151
	Test/QuasiNewton01Box.cpp:152
	Test/QuasiNewton01Box.cpp:153
	Test/QuasiNewton01Box.cpp:154
	Test/QuasiNewton01Box.cpp:160
	Test/QuasiNewton01Box.cpp:161
	Test/QuasiNewton01Box.cpp:162
	Test/QuasiNewton01Box.cpp:216
	Test/QuasiNewton01Box.cpp:217
	Test/QuasiNewton01Box.cpp:218
	Test/QuasiNewton01Box.cpp:225
	Test/QuasiNewton01Box.cpp:254
	Test/QuasiNewton01Box.cpp:255
	Test/MemoryError.cpp:32
	Test/MemoryError.cpp:43
	Test/MemoryError.cpp:44
	Test/MemoryError.cpp:45
	Test/MemoryError.cpp:57
	Test/MemoryError.cpp:58
	Test/MemoryError.cpp:59
	Test/Test_04_02_18.cpp:34
	Test/Test_04_02_18.cpp:36
	Test/Test_04_02_18.cpp:43
	Test/Test_04_02_18.cpp:75
	Test/Test_04_02_18.cpp:76
	Test/LinearObjective.cpp:65
	Test/LinearObjective.cpp:69
	Test/LinearObjective.cpp:72
	Test/LinearObjective.cpp:73
	Test/LinearObjective.cpp:86
	Test/LinearObjective.cpp:87
	Test/LinearObjective.cpp:88
	Test/LinearObjective.cpp:104
	Test/LinearObjective.cpp:105
	Test/LinearObjective.cpp:106
	Test/LinearObjective.cpp:115
	Test/LinearObjective.cpp:128
	Test/zero_one_scale.cpp:40
	Test/zero_one_scale.cpp:44
	Test/zero_one_scale.cpp:45
	Test/zero_one_scale.cpp:46
	Test/zero_one_scale.cpp:49
	Test/zero_one_scale.cpp:57
	Test/zero_one_scale.cpp:68
	Test/zero_one_scale.cpp:80
	Test/zero_one_scale.cpp:84
	Test/zero_one_scale.cpp:87
	Test/zero_one_scale.cpp:97
	Test/zero_one_scale.cpp:100
	Test/zero_one_scale.cpp:109
	Test/zero_one_scale.cpp:110
	Test/zero_one_scale.cpp:111
	Test/zero_one_scale.cpp:116
	Test/zero_one_scale.cpp:117
	Test/zero_one_scale.cpp:118
	Test/SingularUpdate.cpp:37
	Test/SingularUpdate.cpp:70
	Test/SingularUpdate.cpp:73
	Test/PlusInfinity.cpp:76
	Test/PlusInfinity.cpp:80
	Test/PlusInfinity.cpp:84
	Test/PlusInfinity.cpp:87
	Test/PlusInfinity.cpp:88
	Test/PlusInfinity.cpp:89
	Test/PlusInfinity.cpp:104
	Test/PlusInfinity.cpp:105
	Test/PlusInfinity.cpp:106
	Test/PlusInfinity.cpp:123
	Test/PlusInfinity.cpp:124
	Test/PlusInfinity.cpp:125
	Test/PlusInfinity.cpp:134
	Test/PlusInfinity.cpp:147
	Test/ExpLeastSquares.cpp:39
	Test/ExpLeastSquares.cpp:48
	Test/ExpLeastSquares.cpp:64
	Test/ExpLeastSquares.cpp:79
	Test/ExpLeastSquares.cpp:83
	Test/ExpLeastSquares.cpp:86
	Test/ExpLeastSquares.cpp:87
	Test/ExpLeastSquares.cpp:91
	Test/ExpLeastSquares.cpp:105
	Test/ExpLeastSquares.cpp:106
	Test/ExpLeastSquares.cpp:107
	Test/ExpLeastSquares.cpp:123
	Test/ExpLeastSquares.cpp:124
	Test/ExpLeastSquares.cpp:125
	Test/ExpLeastSquares.cpp:135
	Test/ExpLeastSquares.cpp:148
	Test/TwoCompartment.cpp:57
	Test/TwoCompartment.cpp:123
	Test/TwoCompartment.cpp:124
	Test/TwoCompartment.cpp:184
	Test/TwoCompartment.cpp:185
	Test/TwoCompartment.cpp:215
	Test/TwoCompartment.cpp:229
	Test/TwoCompartment.cpp:233
	Test/TwoCompartment.cpp:236
	Test/TwoCompartment.cpp:237
	Test/TwoCompartment.cpp:253
	Test/TwoCompartment.cpp:254
	Test/TwoCompartment.cpp:255
	Test/TwoCompartment.cpp:273
	Test/TwoCompartment.cpp:274
	Test/TwoCompartment.cpp:275
	Test/TwoCompartment.cpp:284
	Test/TwoCompartment.cpp:285
