This file contains any messages produced by compilers while
running configure, to aid debugging if configure makes a mistake.

It was created by QN01Box configure 07-09-21, which was
generated by GNU Autoconf 2.61.  Invocation command line was

  $ ./configure --prefix=/usr/local POSTFIX_DIR=spktest CPPAD_PREFIX_DIR=/usr/local CPPAD_POSTFIX_DIR=spktest COMPILE_FLAGS=-DNDEBUG -O2 -Wall

## --------- ##
## Platform. ##
## --------- ##

hostname = milton.rfpk.washington.edu
uname -m = i686
uname -r = 2.6.22.5-76.fc7
uname -s = Linux
uname -v = #1 SMP Thu Aug 30 13:47:21 EDT 2007

/usr/bin/uname -p = unknown
/bin/uname -X     = unknown

/bin/arch              = i686
/usr/bin/arch -k       = unknown
/usr/convex/getsysinfo = unknown
/usr/bin/hostinfo      = unknown
/bin/machine           = unknown
/usr/bin/oslevel       = unknown
/bin/universe          = unknown

PATH: /usr/kerberos/bin
PATH: /usr/local/bin
PATH: /usr/bin
PATH: /bin
PATH: /home/ernst/bin


## ----------- ##
## Core tests. ##
## ----------- ##

configure:1722: checking POSTFIX_DIR 
configure:1734: result: POSTFIX_DIR=spktest 
configure:1741: checking CPPAD_PREFIX_DIR 
configure:1753: result: CPPAD_PREFIX_DIR=/usr/local 
configure:1760: checking CPPAD_POSTFIX_DIR 
configure:1772: result: CPPAD_POSTFIX_DIR=spktest 
configure:1780: checking COMPILE_FLAGS 
configure:1792: result: COMPILE_FLAGS=-DNDEBUG -O2 -Wall 
configure:1846: checking for a BSD-compatible install
configure:1902: result: /usr/bin/install -c
configure:1913: checking whether build environment is sane
configure:1956: result: yes
configure:1984: checking for a thread-safe mkdir -p
configure:2023: result: /bin/mkdir -p
configure:2036: checking for gawk
configure:2052: found /usr/bin/gawk
configure:2063: result: gawk
configure:2074: checking whether make sets $(MAKE)
configure:2095: result: yes
configure:2327: checking for ranlib
configure:2343: found /usr/bin/ranlib
configure:2354: result: ranlib
configure:2429: checking for gcc
configure:2445: found /usr/bin/gcc
configure:2456: result: gcc
configure:2694: checking for C compiler version
configure:2701: gcc --version >&5
gcc (GCC) 4.1.2 20070502 (Red Hat 4.1.2-12)
Copyright (C) 2006 Free Software Foundation, Inc.
This is free software; see the source for copying conditions.  There is NO
warranty; not even for MERCHANTABILITY or FITNESS FOR A PARTICULAR PURPOSE.

configure:2704: $? = 0
configure:2711: gcc -v >&5
Using built-in specs.
Target: i386-redhat-linux
Configured with: ../configure --prefix=/usr --mandir=/usr/share/man --infodir=/usr/share/info --enable-shared --enable-threads=posix --enable-checking=release --with-system-zlib --enable-__cxa_atexit --disable-libunwind-exceptions --enable-languages=c,c++,objc,obj-c++,java,fortran,ada --enable-java-awt=gtk --disable-dssi --enable-plugin --with-java-home=/usr/lib/jvm/java-1.5.0-gcj-1.5.0.0/jre --enable-libgcj-multifile --enable-java-maintainer-mode --with-ecj-jar=/usr/share/java/eclipse-ecj.jar --with-cpu=generic --host=i386-redhat-linux
Thread model: posix
gcc version 4.1.2 20070502 (Red Hat 4.1.2-12)
configure:2714: $? = 0
configure:2721: gcc -V >&5
gcc: '-V' option must have argument
configure:2724: $? = 1
configure:2747: checking for C compiler default output file name
configure:2774: gcc    conftest.c  >&5
configure:2777: $? = 0
configure:2815: result: a.out
configure:2832: checking whether the C compiler works
configure:2842: ./a.out
configure:2845: $? = 0
configure:2862: result: yes
configure:2869: checking whether we are cross compiling
configure:2871: result: no
configure:2874: checking for suffix of executables
configure:2881: gcc -o conftest    conftest.c  >&5
configure:2884: $? = 0
configure:2908: result: 
configure:2914: checking for suffix of object files
configure:2940: gcc -c   conftest.c >&5
configure:2943: $? = 0
configure:2966: result: o
configure:2970: checking whether we are using the GNU C compiler
configure:2999: gcc -c   conftest.c >&5
configure:3005: $? = 0
configure:3022: result: yes
configure:3027: checking whether gcc accepts -g
configure:3057: gcc -c -g  conftest.c >&5
configure:3063: $? = 0
configure:3162: result: yes
configure:3179: checking for gcc option to accept ISO C89
configure:3253: gcc  -c -g -O2  conftest.c >&5
configure:3259: $? = 0
configure:3282: result: none needed
configure:3311: checking for style of include used by make
configure:3339: result: GNU
configure:3364: checking dependency style of gcc
configure:3455: result: gcc3
configure:3524: checking for g77
configure:3540: found /usr/bin/g77
configure:3551: result: g77
configure:3581: checking for Fortran 77 compiler version
configure:3588: g77 --version >&5
GNU Fortran (GCC) 3.4.6 20060404 (Red Hat 3.4.6-7)
Copyright (C) 2006 Free Software Foundation, Inc.

GNU Fortran comes with NO WARRANTY, to the extent permitted by law.
You may redistribute copies of GNU Fortran
under the terms of the GNU General Public License.
For more information about these matters, see the file named COPYING
or type the command `info -f g77 Copying'.
configure:3591: $? = 0
configure:3598: g77 -v >&5
Reading specs from /usr/lib/gcc/i386-redhat-linux/3.4.6/specs
Configured with: ../configure --prefix=/usr --mandir=/usr/share/man --infodir=/usr/share/info --enable-shared --enable-threads=posix --disable-checking --with-system-zlib --enable-__cxa_atexit --disable-libunwind-exceptions --enable-languages=c,c++,f77 --disable-libgcj --host=i386-redhat-linux
Thread model: posix
gcc version 3.4.6 20060404 (Red Hat 3.4.6-7)
configure:3601: $? = 0
configure:3608: g77 -V >&5
g77: `-V' option must have argument
configure:3611: $? = 1
configure:3619: checking whether we are using the GNU Fortran 77 compiler
configure:3638: g77 -c  conftest.F >&5
configure:3644: $? = 0
configure:3661: result: yes
configure:3667: checking whether g77 accepts -g
configure:3684: g77 -c -g conftest.f >&5
configure:3690: $? = 0
configure:3706: result: yes
configure:3790: checking for g++
configure:3806: found /usr/bin/g++
configure:3817: result: g++
configure:3848: checking for C++ compiler version
configure:3855: g++ --version >&5
g++ (GCC) 4.1.2 20070502 (Red Hat 4.1.2-12)
Copyright (C) 2006 Free Software Foundation, Inc.
This is free software; see the source for copying conditions.  There is NO
warranty; not even for MERCHANTABILITY or FITNESS FOR A PARTICULAR PURPOSE.

configure:3858: $? = 0
configure:3865: g++ -v >&5
Using built-in specs.
Target: i386-redhat-linux
Configured with: ../configure --prefix=/usr --mandir=/usr/share/man --infodir=/usr/share/info --enable-shared --enable-threads=posix --enable-checking=release --with-system-zlib --enable-__cxa_atexit --disable-libunwind-exceptions --enable-languages=c,c++,objc,obj-c++,java,fortran,ada --enable-java-awt=gtk --disable-dssi --enable-plugin --with-java-home=/usr/lib/jvm/java-1.5.0-gcj-1.5.0.0/jre --enable-libgcj-multifile --enable-java-maintainer-mode --with-ecj-jar=/usr/share/java/eclipse-ecj.jar --with-cpu=generic --host=i386-redhat-linux
Thread model: posix
gcc version 4.1.2 20070502 (Red Hat 4.1.2-12)
configure:3868: $? = 0
configure:3875: g++ -V >&5
g++: '-V' option must have argument
configure:3878: $? = 1
configure:3881: checking whether we are using the GNU C++ compiler
configure:3910: g++ -c   conftest.cpp >&5
configure:3916: $? = 0
configure:3933: result: yes
configure:3938: checking whether g++ accepts -g
configure:3968: g++ -c -g  conftest.cpp >&5
configure:3974: $? = 0
configure:4073: result: yes
configure:4098: checking dependency style of g++
configure:4189: result: gcc3
configure:4222: checking how to run the C preprocessor
configure:4262: gcc -E  conftest.c
configure:4268: $? = 0
configure:4299: gcc -E  conftest.c
conftest.c:10:28: error: ac_nonexistent.h: No such file or directory
configure:4305: $? = 1
configure: failed program was:
| /* confdefs.h.  */
| #define PACKAGE_NAME "QN01Box"
| #define PACKAGE_TARNAME "qn01box"
| #define PACKAGE_VERSION "07-09-21"
| #define PACKAGE_STRING "QN01Box 07-09-21"
| #define PACKAGE_BUGREPORT "bradbell@apl.washington.edu"
| #define PACKAGE "qn01box"
| #define VERSION "07-09-21"
| /* end confdefs.h.  */
| #include <ac_nonexistent.h>
configure:4338: result: gcc -E
configure:4367: gcc -E  conftest.c
configure:4373: $? = 0
configure:4404: gcc -E  conftest.c
conftest.c:10:28: error: ac_nonexistent.h: No such file or directory
configure:4410: $? = 1
configure: failed program was:
| /* confdefs.h.  */
| #define PACKAGE_NAME "QN01Box"
| #define PACKAGE_TARNAME "qn01box"
| #define PACKAGE_VERSION "07-09-21"
| #define PACKAGE_STRING "QN01Box 07-09-21"
| #define PACKAGE_BUGREPORT "bradbell@apl.washington.edu"
| #define PACKAGE "qn01box"
| #define VERSION "07-09-21"
| /* end confdefs.h.  */
| #include <ac_nonexistent.h>
configure:4449: checking for inline
configure:4475: gcc -c   conftest.c >&5
configure:4481: $? = 0
configure:4499: result: inline
configure:4672: creating ./config.status

## ---------------------- ##
## Running config.status. ##
## ---------------------- ##

This file was extended by QN01Box config.status 07-09-21, which was
generated by GNU Autoconf 2.61.  Invocation command line was

  CONFIG_FILES    = 
  CONFIG_HEADERS  = 
  CONFIG_LINKS    = 
  CONFIG_COMMANDS = 
  $ ./config.status 

on milton.rfpk.washington.edu

config.status:660: creating Makefile
config.status:660: creating lib/Makefile
config.status:660: creating Test/Makefile
config.status:660: creating QN01Box/config.h
config.status:922: executing depfiles commands

## ---------------- ##
## Cache variables. ##
## ---------------- ##

ac_cv_c_compiler_gnu=yes
ac_cv_c_inline=inline
ac_cv_cxx_compiler_gnu=yes
ac_cv_env_CCC_set=
ac_cv_env_CCC_value=
ac_cv_env_CC_set=
ac_cv_env_CC_value=
ac_cv_env_CFLAGS_set=
ac_cv_env_CFLAGS_value=
ac_cv_env_CPPFLAGS_set=
ac_cv_env_CPPFLAGS_value=
ac_cv_env_CPP_set=
ac_cv_env_CPP_value=
ac_cv_env_CXXFLAGS_set=
ac_cv_env_CXXFLAGS_value=
ac_cv_env_CXX_set=
ac_cv_env_CXX_value=
ac_cv_env_F77_set=
ac_cv_env_F77_value=
ac_cv_env_FFLAGS_set=
ac_cv_env_FFLAGS_value=
ac_cv_env_LDFLAGS_set=
ac_cv_env_LDFLAGS_value=
ac_cv_env_LIBS_set=
ac_cv_env_LIBS_value=
ac_cv_env_build_alias_set=
ac_cv_env_build_alias_value=
ac_cv_env_host_alias_set=
ac_cv_env_host_alias_value=
ac_cv_env_target_alias_set=
ac_cv_env_target_alias_value=
ac_cv_f77_compiler_gnu=yes
ac_cv_objext=o
ac_cv_path_install='/usr/bin/install -c'
ac_cv_path_mkdir=/bin/mkdir
ac_cv_prog_AWK=gawk
ac_cv_prog_CPP='gcc -E'
ac_cv_prog_ac_ct_CC=gcc
ac_cv_prog_ac_ct_CXX=g++
ac_cv_prog_ac_ct_F77=g77
ac_cv_prog_ac_ct_RANLIB=ranlib
ac_cv_prog_cc_c89=
ac_cv_prog_cc_g=yes
ac_cv_prog_cxx_g=yes
ac_cv_prog_f77_g=yes
ac_cv_prog_make_make_set=yes
am_cv_CC_dependencies_compiler_type=gcc3
am_cv_CXX_dependencies_compiler_type=gcc3

## ----------------- ##
## Output variables. ##
## ----------------- ##

ACLOCAL='${SHELL} /home/ernst/r1/trunk/Optimizer/QN01Box/missing --run aclocal-1.10'
AMDEPBACKSLASH='\'
AMDEP_FALSE='#'
AMDEP_TRUE=''
AMTAR='${SHELL} /home/ernst/r1/trunk/Optimizer/QN01Box/missing --run tar'
AUTOCONF='${SHELL} /home/ernst/r1/trunk/Optimizer/QN01Box/missing --run autoconf'
AUTOHEADER='${SHELL} /home/ernst/r1/trunk/Optimizer/QN01Box/missing --run autoheader'
AUTOMAKE='${SHELL} /home/ernst/r1/trunk/Optimizer/QN01Box/missing --run automake-1.10'
AWK='gawk'
CC='gcc'
CCDEPMODE='depmode=gcc3'
CFLAGS=''
COMPILE_FLAGS='-DNDEBUG -O2 -Wall'
CPP='gcc -E'
CPPAD_POSTFIX_DIR='spktest'
CPPAD_PREFIX_DIR='/usr/local'
CPPFLAGS=''
CXX='g++'
CXXDEPMODE='depmode=gcc3'
CXXFLAGS=''
CYGPATH_W='echo'
DEFS='-DHAVE_CONFIG_H'
DEPDIR='.deps'
ECHO_C=''
ECHO_N='-n'
ECHO_T=''
EXEEXT=''
F77='g77'
FFLAGS=''
INSTALL_DATA='${INSTALL} -m 644'
INSTALL_PROGRAM='${INSTALL}'
INSTALL_SCRIPT='${INSTALL}'
INSTALL_STRIP_PROGRAM='$(install_sh) -c -s'
LDFLAGS=''
LIBOBJS=''
LIBS=''
LTLIBOBJS=''
MAKEINFO='${SHELL} /home/ernst/r1/trunk/Optimizer/QN01Box/missing --run makeinfo'
OBJEXT='o'
PACKAGE='qn01box'
PACKAGE_BUGREPORT='bradbell@apl.washington.edu'
PACKAGE_NAME='QN01Box'
PACKAGE_STRING='QN01Box 07-09-21'
PACKAGE_TARNAME='qn01box'
PACKAGE_VERSION='07-09-21'
PATH_SEPARATOR=':'
POSTFIX_DIR='spktest'
QN01Box_COMPILE_FLAGS_FALSE='#'
QN01Box_COMPILE_FLAGS_TRUE=''
QN01Box_CPPAD_POSTFIX_DIR_FALSE='#'
QN01Box_CPPAD_POSTFIX_DIR_TRUE=''
QN01Box_CPPAD_PREFIX_DIR_FALSE='#'
QN01Box_CPPAD_PREFIX_DIR_TRUE=''
QN01Box_POSTFIX_DIR_FALSE='#'
QN01Box_POSTFIX_DIR_TRUE=''
RANLIB='ranlib'
SET_MAKE=''
SHELL='/bin/sh'
STRIP=''
VERSION='07-09-21'
ac_ct_CC='gcc'
ac_ct_CXX='g++'
ac_ct_F77='g77'
am__fastdepCC_FALSE='#'
am__fastdepCC_TRUE=''
am__fastdepCXX_FALSE='#'
am__fastdepCXX_TRUE=''
am__include='include'
am__isrc=''
am__leading_dot='.'
am__quote=''
am__tar='${AMTAR} chof - "$$tardir"'
am__untar='${AMTAR} xf -'
bindir='${exec_prefix}/bin'
build_alias=''
datadir='${datarootdir}'
datarootdir='${prefix}/share'
docdir='${datarootdir}/doc/${PACKAGE_TARNAME}'
dvidir='${docdir}'
exec_prefix='${prefix}'
host_alias=''
htmldir='${docdir}'
includedir='${prefix}/include'
infodir='${datarootdir}/info'
install_sh='$(SHELL) /home/ernst/r1/trunk/Optimizer/QN01Box/install-sh'
libdir='${exec_prefix}/lib'
libexecdir='${exec_prefix}/libexec'
localedir='${datarootdir}/locale'
localstatedir='${prefix}/var'
mandir='${datarootdir}/man'
mkdir_p='/bin/mkdir -p'
oldincludedir='/usr/include'
pdfdir='${docdir}'
prefix='/usr/local'
program_transform_name='s,x,x,'
psdir='${docdir}'
sbindir='${exec_prefix}/sbin'
sharedstatedir='${prefix}/com'
sysconfdir='${prefix}/etc'
target_alias=''

## ----------- ##
## confdefs.h. ##
## ----------- ##

#define PACKAGE_NAME "QN01Box"
#define PACKAGE_TARNAME "qn01box"
#define PACKAGE_VERSION "07-09-21"
#define PACKAGE_STRING "QN01Box 07-09-21"
#define PACKAGE_BUGREPORT "bradbell@apl.washington.edu"
#define PACKAGE "qn01box"
#define VERSION "07-09-21"

configure: exit 0
